<?xml version="1.0" encoding="UTF-8"?>
<!-- Generated by org.testng.reporters.JUnitReportReporter -->
<testsuite skipped="0" hostname="DESKTOP-BJ9OE5C" name="com.restassured.testcases.TC004_Put_Request_EmployeeDetailsUpdation" tests="3" failures="0" timestamp="2021-11-02T16:55:57 IST" time="0.010" errors="0">
  <testcase name="checkStatusCode" time="0.004" classname="com.restassured.testcases.TC004_Put_Request_EmployeeDetailsUpdation"/>
  <system-out/>
  <testcase name="checkResponseTime" time="0.003" classname="com.restassured.testcases.TC004_Put_Request_EmployeeDetailsUpdation"/>
  <system-out/>
  <testcase name="checkResponse" time="0.003" classname="com.restassured.testcases.TC004_Put_Request_EmployeeDetailsUpdation"/>
  <system-out/>
</testsuite> <!-- com.restassured.testcases.TC004_Put_Request_EmployeeDetailsUpdation -->
