<?xml version="1.0" encoding="UTF-8"?>
<!-- Generated by org.testng.reporters.JUnitReportReporter -->
<testsuite skipped="0" hostname="DESKTOP-BJ9OE5C" name="com.restassured.testcases.TC001_GET_Request_AllEmployees" tests="8" failures="0" timestamp="2021-11-02T16:55:57 IST" time="0.100" errors="0">
  <testcase name="checkResponseTime" time="0.005" classname="com.restassured.testcases.TC001_GET_Request_AllEmployees"/>
  <system-out/>
  <testcase name="checkContentType" time="0.001" classname="com.restassured.testcases.TC001_GET_Request_AllEmployees"/>
  <system-out/>
  <testcase name="checkContentLenght" time="0.002" classname="com.restassured.testcases.TC001_GET_Request_AllEmployees"/>
  <system-out/>
  <testcase name="checkStatusLine" time="0.010" classname="com.restassured.testcases.TC001_GET_Request_AllEmployees"/>
  <system-out/>
  <testcase name="checkServerType" time="0.005" classname="com.restassured.testcases.TC001_GET_Request_AllEmployees"/>
  <system-out/>
  <testcase name="checkResponse" time="0.060" classname="com.restassured.testcases.TC001_GET_Request_AllEmployees"/>
  <system-out/>
  <testcase name="checkStatusCode" time="0.003" classname="com.restassured.testcases.TC001_GET_Request_AllEmployees"/>
  <system-out/>
  <testcase name="checkContentEncoding" time="0.014" classname="com.restassured.testcases.TC001_GET_Request_AllEmployees"/>
  <system-out/>
</testsuite> <!-- com.restassured.testcases.TC001_GET_Request_AllEmployees -->
